[0.714s] Invoking command in '/home/juan/tracking_ws/src/deteccion_pkg': PYTHONPATH=/home/juan/tracking_ws/build/deteccion_pkg/prefix_override:/usr/lib/python3/dist-packages/colcon_core/task/python/colcon_distutils_commands:/home/juan/tracking_ws/install/deteccion_pkg/lib/python3.10/site-packages:${PYTHONPATH} /usr/bin/python3 -W ignore:setup.py install is deprecated -W ignore:easy_install command is deprecated setup.py egg_info --egg-base ../../build/deteccion_pkg build --build-base /home/juan/tracking_ws/build/deteccion_pkg/build install --record /home/juan/tracking_ws/build/deteccion_pkg/install.log --single-version-externally-managed install_data
[0.975s] running egg_info
[0.976s] writing ../../build/deteccion_pkg/deteccion_pkg.egg-info/PKG-INFO
[0.976s] writing dependency_links to ../../build/deteccion_pkg/deteccion_pkg.egg-info/dependency_links.txt
[0.976s] writing entry points to ../../build/deteccion_pkg/deteccion_pkg.egg-info/entry_points.txt
[0.976s] writing requirements to ../../build/deteccion_pkg/deteccion_pkg.egg-info/requires.txt
[0.977s] writing top-level names to ../../build/deteccion_pkg/deteccion_pkg.egg-info/top_level.txt
[0.978s] reading manifest file '../../build/deteccion_pkg/deteccion_pkg.egg-info/SOURCES.txt'
[0.979s] writing manifest file '../../build/deteccion_pkg/deteccion_pkg.egg-info/SOURCES.txt'
[0.980s] running build
[0.980s] running build_py
[0.980s] copying deteccion_pkg/position_analyzer_node.py -> /home/juan/tracking_ws/build/deteccion_pkg/build/lib/deteccion_pkg
[0.980s] running install
[0.981s] running install_lib
[0.982s] copying /home/juan/tracking_ws/build/deteccion_pkg/build/lib/deteccion_pkg/position_analyzer_node.py -> /home/juan/tracking_ws/install/deteccion_pkg/lib/python3.10/site-packages/deteccion_pkg
[0.982s] byte-compiling /home/juan/tracking_ws/install/deteccion_pkg/lib/python3.10/site-packages/deteccion_pkg/position_analyzer_node.py to position_analyzer_node.cpython-310.pyc
[0.984s] running install_data
[0.984s] running install_egg_info
[0.986s] removing '/home/juan/tracking_ws/install/deteccion_pkg/lib/python3.10/site-packages/deteccion_pkg-0.0.0-py3.10.egg-info' (and everything under it)
[0.986s] Copying ../../build/deteccion_pkg/deteccion_pkg.egg-info to /home/juan/tracking_ws/install/deteccion_pkg/lib/python3.10/site-packages/deteccion_pkg-0.0.0-py3.10.egg-info
[0.987s] running install_scripts
[1.010s] Installing camera_node script to /home/juan/tracking_ws/install/deteccion_pkg/lib/deteccion_pkg
[1.010s] Installing position_analyzer_node script to /home/juan/tracking_ws/install/deteccion_pkg/lib/deteccion_pkg
[1.010s] Installing trajectory_graph_node script to /home/juan/tracking_ws/install/deteccion_pkg/lib/deteccion_pkg
[1.011s] Installing trajectory_node script to /home/juan/tracking_ws/install/deteccion_pkg/lib/deteccion_pkg
[1.011s] Installing trajectory_plotter_node script to /home/juan/tracking_ws/install/deteccion_pkg/lib/deteccion_pkg
[1.011s] Installing viewer_node script to /home/juan/tracking_ws/install/deteccion_pkg/lib/deteccion_pkg
[1.011s] writing list of installed files to '/home/juan/tracking_ws/build/deteccion_pkg/install.log'
[1.049s] Invoked command in '/home/juan/tracking_ws/src/deteccion_pkg' returned '0': PYTHONPATH=/home/juan/tracking_ws/build/deteccion_pkg/prefix_override:/usr/lib/python3/dist-packages/colcon_core/task/python/colcon_distutils_commands:/home/juan/tracking_ws/install/deteccion_pkg/lib/python3.10/site-packages:${PYTHONPATH} /usr/bin/python3 -W ignore:setup.py install is deprecated -W ignore:easy_install command is deprecated setup.py egg_info --egg-base ../../build/deteccion_pkg build --build-base /home/juan/tracking_ws/build/deteccion_pkg/build install --record /home/juan/tracking_ws/build/deteccion_pkg/install.log --single-version-externally-managed install_data
