running egg_info
writing ../../build/robot_mqtt/robot_mqtt.egg-info/PKG-INFO
writing dependency_links to ../../build/robot_mqtt/robot_mqtt.egg-info/dependency_links.txt
writing entry points to ../../build/robot_mqtt/robot_mqtt.egg-info/entry_points.txt
writing requirements to ../../build/robot_mqtt/robot_mqtt.egg-info/requires.txt
writing top-level names to ../../build/robot_mqtt/robot_mqtt.egg-info/top_level.txt
reading manifest file '../../build/robot_mqtt/robot_mqtt.egg-info/SOURCES.txt'
writing manifest file '../../build/robot_mqtt/robot_mqtt.egg-info/SOURCES.txt'
running build
running build_py
copying robot_mqtt/mqtt_publisher.py -> /home/juan/workspace/ros3_ws/build/robot_mqtt/build/lib/robot_mqtt
running install
running install_lib
copying /home/juan/workspace/ros3_ws/build/robot_mqtt/build/lib/robot_mqtt/mqtt_publisher.py -> /home/juan/workspace/ros3_ws/install/robot_mqtt/lib/python3.10/site-packages/robot_mqtt
byte-compiling /home/juan/workspace/ros3_ws/install/robot_mqtt/lib/python3.10/site-packages/robot_mqtt/mqtt_publisher.py to mqtt_publisher.cpython-310.pyc
running install_egg_info
removing '/home/juan/workspace/ros3_ws/install/robot_mqtt/lib/python3.10/site-packages/robot_mqtt-0.0.1-py3.10.egg-info' (and everything under it)
Copying ../../build/robot_mqtt/robot_mqtt.egg-info to /home/juan/workspace/ros3_ws/install/robot_mqtt/lib/python3.10/site-packages/robot_mqtt-0.0.1-py3.10.egg-info
running install_scripts
Installing movement_node script to /home/juan/workspace/ros3_ws/install/robot_mqtt/lib/robot_mqtt
Installing robot_mqtt script to /home/juan/workspace/ros3_ws/install/robot_mqtt/lib/robot_mqtt
writing list of installed files to '/home/juan/workspace/ros3_ws/build/robot_mqtt/install.log'
