[0.397s] Invoking command in '/home/juan/workspace/ros3_ws/src/robot_mqtt': PYTHONPATH=/home/juan/workspace/ros3_ws/build/robot_mqtt/prefix_override:/usr/lib/python3/dist-packages/colcon_core/task/python/colcon_distutils_commands:/home/juan/workspace/ros3_ws/install/robot_mqtt/lib/python3.10/site-packages:${PYTHONPATH} /usr/bin/python3 -W ignore:setup.py install is deprecated -W ignore:easy_install command is deprecated setup.py egg_info --egg-base ../../build/robot_mqtt build --build-base /home/juan/workspace/ros3_ws/build/robot_mqtt/build install --record /home/juan/workspace/ros3_ws/build/robot_mqtt/install.log --single-version-externally-managed
[0.553s] running egg_info
[0.554s] writing ../../build/robot_mqtt/robot_mqtt.egg-info/PKG-INFO
[0.554s] writing dependency_links to ../../build/robot_mqtt/robot_mqtt.egg-info/dependency_links.txt
[0.554s] writing entry points to ../../build/robot_mqtt/robot_mqtt.egg-info/entry_points.txt
[0.554s] writing requirements to ../../build/robot_mqtt/robot_mqtt.egg-info/requires.txt
[0.554s] writing top-level names to ../../build/robot_mqtt/robot_mqtt.egg-info/top_level.txt
[0.555s] reading manifest file '../../build/robot_mqtt/robot_mqtt.egg-info/SOURCES.txt'
[0.556s] writing manifest file '../../build/robot_mqtt/robot_mqtt.egg-info/SOURCES.txt'
[0.556s] running build
[0.556s] running build_py
[0.556s] running install
[0.556s] running install_lib
[0.557s] running install_egg_info
[0.558s] removing '/home/juan/workspace/ros3_ws/install/robot_mqtt/lib/python3.10/site-packages/robot_mqtt-0.0.1-py3.10.egg-info' (and everything under it)
[0.558s] Copying ../../build/robot_mqtt/robot_mqtt.egg-info to /home/juan/workspace/ros3_ws/install/robot_mqtt/lib/python3.10/site-packages/robot_mqtt-0.0.1-py3.10.egg-info
[0.559s] running install_scripts
[0.573s] Installing movement_node script to /home/juan/workspace/ros3_ws/install/robot_mqtt/lib/robot_mqtt
[0.573s] Installing robot_mqtt script to /home/juan/workspace/ros3_ws/install/robot_mqtt/lib/robot_mqtt
[0.573s] writing list of installed files to '/home/juan/workspace/ros3_ws/build/robot_mqtt/install.log'
[0.590s] Invoked command in '/home/juan/workspace/ros3_ws/src/robot_mqtt' returned '0': PYTHONPATH=/home/juan/workspace/ros3_ws/build/robot_mqtt/prefix_override:/usr/lib/python3/dist-packages/colcon_core/task/python/colcon_distutils_commands:/home/juan/workspace/ros3_ws/install/robot_mqtt/lib/python3.10/site-packages:${PYTHONPATH} /usr/bin/python3 -W ignore:setup.py install is deprecated -W ignore:easy_install command is deprecated setup.py egg_info --egg-base ../../build/robot_mqtt build --build-base /home/juan/workspace/ros3_ws/build/robot_mqtt/build install --record /home/juan/workspace/ros3_ws/build/robot_mqtt/install.log --single-version-externally-managed
