running egg_info
writing ../../build/deteccion_pkg/deteccion_pkg.egg-info/PKG-INFO
writing dependency_links to ../../build/deteccion_pkg/deteccion_pkg.egg-info/dependency_links.txt
writing entry points to ../../build/deteccion_pkg/deteccion_pkg.egg-info/entry_points.txt
writing requirements to ../../build/deteccion_pkg/deteccion_pkg.egg-info/requires.txt
writing top-level names to ../../build/deteccion_pkg/deteccion_pkg.egg-info/top_level.txt
reading manifest file '../../build/deteccion_pkg/deteccion_pkg.egg-info/SOURCES.txt'
writing manifest file '../../build/deteccion_pkg/deteccion_pkg.egg-info/SOURCES.txt'
running build
running build_py
copying deteccion_pkg/viewer_node.py -> /home/juan/tracking_ws/build/deteccion_pkg/build/lib/deteccion_pkg
copying deteccion_pkg/camera_node.py -> /home/juan/tracking_ws/build/deteccion_pkg/build/lib/deteccion_pkg
running install
running install_lib
copying /home/juan/tracking_ws/build/deteccion_pkg/build/lib/deteccion_pkg/viewer_node.py -> /home/juan/tracking_ws/install/deteccion_pkg/lib/python3.10/site-packages/deteccion_pkg
copying /home/juan/tracking_ws/build/deteccion_pkg/build/lib/deteccion_pkg/camera_node.py -> /home/juan/tracking_ws/install/deteccion_pkg/lib/python3.10/site-packages/deteccion_pkg
byte-compiling /home/juan/tracking_ws/install/deteccion_pkg/lib/python3.10/site-packages/deteccion_pkg/viewer_node.py to viewer_node.cpython-310.pyc
byte-compiling /home/juan/tracking_ws/install/deteccion_pkg/lib/python3.10/site-packages/deteccion_pkg/camera_node.py to camera_node.cpython-310.pyc
running install_data
running install_egg_info
removing '/home/juan/tracking_ws/install/deteccion_pkg/lib/python3.10/site-packages/deteccion_pkg-0.0.0-py3.10.egg-info' (and everything under it)
Copying ../../build/deteccion_pkg/deteccion_pkg.egg-info to /home/juan/tracking_ws/install/deteccion_pkg/lib/python3.10/site-packages/deteccion_pkg-0.0.0-py3.10.egg-info
running install_scripts
Installing camera_node script to /home/juan/tracking_ws/install/deteccion_pkg/lib/deteccion_pkg
Installing viewer_node script to /home/juan/tracking_ws/install/deteccion_pkg/lib/deteccion_pkg
writing list of installed files to '/home/juan/tracking_ws/build/deteccion_pkg/install.log'
