running egg_info
creating ../../build/robot_mqtt/robot_mqtt.egg-info
writing ../../build/robot_mqtt/robot_mqtt.egg-info/PKG-INFO
writing dependency_links to ../../build/robot_mqtt/robot_mqtt.egg-info/dependency_links.txt
writing entry points to ../../build/robot_mqtt/robot_mqtt.egg-info/entry_points.txt
writing requirements to ../../build/robot_mqtt/robot_mqtt.egg-info/requires.txt
writing top-level names to ../../build/robot_mqtt/robot_mqtt.egg-info/top_level.txt
writing manifest file '../../build/robot_mqtt/robot_mqtt.egg-info/SOURCES.txt'
reading manifest file '../../build/robot_mqtt/robot_mqtt.egg-info/SOURCES.txt'
writing manifest file '../../build/robot_mqtt/robot_mqtt.egg-info/SOURCES.txt'
running build
running build_py
creating /home/juan/ros3_ws/build/robot_mqtt/build
creating /home/juan/ros3_ws/build/robot_mqtt/build/lib
creating /home/juan/ros3_ws/build/robot_mqtt/build/lib/robot_mqtt
copying robot_mqtt/mqtt_publisher.py -> /home/juan/ros3_ws/build/robot_mqtt/build/lib/robot_mqtt
copying robot_mqtt/__init__.py -> /home/juan/ros3_ws/build/robot_mqtt/build/lib/robot_mqtt
running install
running install_lib
creating /home/juan/ros3_ws/install/robot_mqtt/lib/python3.10/site-packages/robot_mqtt
copying /home/juan/ros3_ws/build/robot_mqtt/build/lib/robot_mqtt/mqtt_publisher.py -> /home/juan/ros3_ws/install/robot_mqtt/lib/python3.10/site-packages/robot_mqtt
copying /home/juan/ros3_ws/build/robot_mqtt/build/lib/robot_mqtt/__init__.py -> /home/juan/ros3_ws/install/robot_mqtt/lib/python3.10/site-packages/robot_mqtt
byte-compiling /home/juan/ros3_ws/install/robot_mqtt/lib/python3.10/site-packages/robot_mqtt/mqtt_publisher.py to mqtt_publisher.cpython-310.pyc
byte-compiling /home/juan/ros3_ws/install/robot_mqtt/lib/python3.10/site-packages/robot_mqtt/__init__.py to __init__.cpython-310.pyc
running install_egg_info
Copying ../../build/robot_mqtt/robot_mqtt.egg-info to /home/juan/ros3_ws/install/robot_mqtt/lib/python3.10/site-packages/robot_mqtt-0.0.1-py3.10.egg-info
running install_scripts
Installing robot_mqtt script to /home/juan/ros3_ws/install/robot_mqtt/lib/robot_mqtt
writing list of installed files to '/home/juan/ros3_ws/build/robot_mqtt/install.log'
