[0.682s] Invoking command in '/home/juan/ros3_ws/src/robot_mqtt': PYTHONPATH=/home/juan/ros3_ws/build/robot_mqtt/prefix_override:/usr/lib/python3/dist-packages/colcon_core/task/python/colcon_distutils_commands:/home/juan/ros3_ws/install/robot_mqtt/lib/python3.10/site-packages:${PYTHONPATH} /usr/bin/python3 -W ignore:setup.py install is deprecated -W ignore:easy_install command is deprecated setup.py egg_info --egg-base ../../build/robot_mqtt build --build-base /home/juan/ros3_ws/build/robot_mqtt/build install --record /home/juan/ros3_ws/build/robot_mqtt/install.log --single-version-externally-managed
[0.942s] running egg_info
[0.942s] creating ../../build/robot_mqtt/robot_mqtt.egg-info
[0.942s] writing ../../build/robot_mqtt/robot_mqtt.egg-info/PKG-INFO
[0.943s] writing dependency_links to ../../build/robot_mqtt/robot_mqtt.egg-info/dependency_links.txt
[0.943s] writing entry points to ../../build/robot_mqtt/robot_mqtt.egg-info/entry_points.txt
[0.943s] writing requirements to ../../build/robot_mqtt/robot_mqtt.egg-info/requires.txt
[0.943s] writing top-level names to ../../build/robot_mqtt/robot_mqtt.egg-info/top_level.txt
[0.943s] writing manifest file '../../build/robot_mqtt/robot_mqtt.egg-info/SOURCES.txt'
[0.945s] reading manifest file '../../build/robot_mqtt/robot_mqtt.egg-info/SOURCES.txt'
[0.946s] writing manifest file '../../build/robot_mqtt/robot_mqtt.egg-info/SOURCES.txt'
[0.946s] running build
[0.946s] running build_py
[0.946s] creating /home/juan/ros3_ws/build/robot_mqtt/build
[0.947s] creating /home/juan/ros3_ws/build/robot_mqtt/build/lib
[0.947s] creating /home/juan/ros3_ws/build/robot_mqtt/build/lib/robot_mqtt
[0.947s] copying robot_mqtt/mqtt_publisher.py -> /home/juan/ros3_ws/build/robot_mqtt/build/lib/robot_mqtt
[0.947s] copying robot_mqtt/__init__.py -> /home/juan/ros3_ws/build/robot_mqtt/build/lib/robot_mqtt
[0.947s] running install
[0.948s] running install_lib
[0.948s] creating /home/juan/ros3_ws/install/robot_mqtt/lib/python3.10/site-packages/robot_mqtt
[0.948s] copying /home/juan/ros3_ws/build/robot_mqtt/build/lib/robot_mqtt/mqtt_publisher.py -> /home/juan/ros3_ws/install/robot_mqtt/lib/python3.10/site-packages/robot_mqtt
[0.948s] copying /home/juan/ros3_ws/build/robot_mqtt/build/lib/robot_mqtt/__init__.py -> /home/juan/ros3_ws/install/robot_mqtt/lib/python3.10/site-packages/robot_mqtt
[0.949s] byte-compiling /home/juan/ros3_ws/install/robot_mqtt/lib/python3.10/site-packages/robot_mqtt/mqtt_publisher.py to mqtt_publisher.cpython-310.pyc
[0.949s] byte-compiling /home/juan/ros3_ws/install/robot_mqtt/lib/python3.10/site-packages/robot_mqtt/__init__.py to __init__.cpython-310.pyc
[0.949s] running install_egg_info
[0.951s] Copying ../../build/robot_mqtt/robot_mqtt.egg-info to /home/juan/ros3_ws/install/robot_mqtt/lib/python3.10/site-packages/robot_mqtt-0.0.1-py3.10.egg-info
[0.952s] running install_scripts
[0.974s] Installing robot_mqtt script to /home/juan/ros3_ws/install/robot_mqtt/lib/robot_mqtt
[0.975s] writing list of installed files to '/home/juan/ros3_ws/build/robot_mqtt/install.log'
[1.008s] Invoked command in '/home/juan/ros3_ws/src/robot_mqtt' returned '0': PYTHONPATH=/home/juan/ros3_ws/build/robot_mqtt/prefix_override:/usr/lib/python3/dist-packages/colcon_core/task/python/colcon_distutils_commands:/home/juan/ros3_ws/install/robot_mqtt/lib/python3.10/site-packages:${PYTHONPATH} /usr/bin/python3 -W ignore:setup.py install is deprecated -W ignore:easy_install command is deprecated setup.py egg_info --egg-base ../../build/robot_mqtt build --build-base /home/juan/ros3_ws/build/robot_mqtt/build install --record /home/juan/ros3_ws/build/robot_mqtt/install.log --single-version-externally-managed
