[1.150s] Invoking command in '/home/juan/learn_ros2_ws/src/simulation_pkg': PYTHONPATH=/home/juan/learn_ros2_ws/build/simulation_pkg/prefix_override:/usr/lib/python3/dist-packages/colcon_core/task/python/colcon_distutils_commands:/home/juan/learn_ros2_ws/install/simulation_pkg/lib/python3.10/site-packages:${PYTHONPATH} /usr/bin/python3 -W ignore:setup.py install is deprecated -W ignore:easy_install command is deprecated setup.py egg_info --egg-base ../../build/simulation_pkg build --build-base /home/juan/learn_ros2_ws/build/simulation_pkg/build install --record /home/juan/learn_ros2_ws/build/simulation_pkg/install.log --single-version-externally-managed install_data
[1.566s] running egg_info
[1.568s] creating ../../build/simulation_pkg/simulation_pkg.egg-info
[1.568s] writing ../../build/simulation_pkg/simulation_pkg.egg-info/PKG-INFO
[1.569s] writing dependency_links to ../../build/simulation_pkg/simulation_pkg.egg-info/dependency_links.txt
[1.569s] writing entry points to ../../build/simulation_pkg/simulation_pkg.egg-info/entry_points.txt
[1.569s] writing requirements to ../../build/simulation_pkg/simulation_pkg.egg-info/requires.txt
[1.569s] writing top-level names to ../../build/simulation_pkg/simulation_pkg.egg-info/top_level.txt
[1.570s] writing manifest file '../../build/simulation_pkg/simulation_pkg.egg-info/SOURCES.txt'
[1.573s] reading manifest file '../../build/simulation_pkg/simulation_pkg.egg-info/SOURCES.txt'
[1.575s] writing manifest file '../../build/simulation_pkg/simulation_pkg.egg-info/SOURCES.txt'
[1.575s] running build
[1.575s] running build_py
[1.575s] creating /home/juan/learn_ros2_ws/build/simulation_pkg/build
[1.576s] creating /home/juan/learn_ros2_ws/build/simulation_pkg/build/lib
[1.576s] creating /home/juan/learn_ros2_ws/build/simulation_pkg/build/lib/simulation_pkg
[1.576s] copying simulation_pkg/__init__.py -> /home/juan/learn_ros2_ws/build/simulation_pkg/build/lib/simulation_pkg
[1.576s] running install
[1.577s] running install_lib
[1.579s] creating /home/juan/learn_ros2_ws/install/simulation_pkg/lib/python3.10/site-packages/simulation_pkg
[1.579s] copying /home/juan/learn_ros2_ws/build/simulation_pkg/build/lib/simulation_pkg/__init__.py -> /home/juan/learn_ros2_ws/install/simulation_pkg/lib/python3.10/site-packages/simulation_pkg
[1.580s] byte-compiling /home/juan/learn_ros2_ws/install/simulation_pkg/lib/python3.10/site-packages/simulation_pkg/__init__.py to __init__.cpython-310.pyc
[1.581s] running install_data
[1.581s] creating /home/juan/learn_ros2_ws/install/simulation_pkg/share/ament_index
[1.581s] creating /home/juan/learn_ros2_ws/install/simulation_pkg/share/ament_index/resource_index
[1.581s] creating /home/juan/learn_ros2_ws/install/simulation_pkg/share/ament_index/resource_index/packages
[1.581s] copying resource/simulation_pkg -> /home/juan/learn_ros2_ws/install/simulation_pkg/share/ament_index/resource_index/packages
[1.582s] copying package.xml -> /home/juan/learn_ros2_ws/install/simulation_pkg/share/simulation_pkg
[1.582s] running install_egg_info
[1.585s] Copying ../../build/simulation_pkg/simulation_pkg.egg-info to /home/juan/learn_ros2_ws/install/simulation_pkg/lib/python3.10/site-packages/simulation_pkg-0.0.0-py3.10.egg-info
[1.587s] running install_scripts
[1.627s] writing list of installed files to '/home/juan/learn_ros2_ws/build/simulation_pkg/install.log'
[1.695s] Invoked command in '/home/juan/learn_ros2_ws/src/simulation_pkg' returned '0': PYTHONPATH=/home/juan/learn_ros2_ws/build/simulation_pkg/prefix_override:/usr/lib/python3/dist-packages/colcon_core/task/python/colcon_distutils_commands:/home/juan/learn_ros2_ws/install/simulation_pkg/lib/python3.10/site-packages:${PYTHONPATH} /usr/bin/python3 -W ignore:setup.py install is deprecated -W ignore:easy_install command is deprecated setup.py egg_info --egg-base ../../build/simulation_pkg build --build-base /home/juan/learn_ros2_ws/build/simulation_pkg/build install --record /home/juan/learn_ros2_ws/build/simulation_pkg/install.log --single-version-externally-managed install_data
