running egg_info
creating ../../build/deteccion_pkg/deteccion_pkg.egg-info
writing ../../build/deteccion_pkg/deteccion_pkg.egg-info/PKG-INFO
writing dependency_links to ../../build/deteccion_pkg/deteccion_pkg.egg-info/dependency_links.txt
writing entry points to ../../build/deteccion_pkg/deteccion_pkg.egg-info/entry_points.txt
writing requirements to ../../build/deteccion_pkg/deteccion_pkg.egg-info/requires.txt
writing top-level names to ../../build/deteccion_pkg/deteccion_pkg.egg-info/top_level.txt
writing manifest file '../../build/deteccion_pkg/deteccion_pkg.egg-info/SOURCES.txt'
reading manifest file '../../build/deteccion_pkg/deteccion_pkg.egg-info/SOURCES.txt'
writing manifest file '../../build/deteccion_pkg/deteccion_pkg.egg-info/SOURCES.txt'
running build
running build_py
creating /home/juan/tracking_ws/build/deteccion_pkg/build
creating /home/juan/tracking_ws/build/deteccion_pkg/build/lib
creating /home/juan/tracking_ws/build/deteccion_pkg/build/lib/deteccion_pkg
copying deteccion_pkg/__init__.py -> /home/juan/tracking_ws/build/deteccion_pkg/build/lib/deteccion_pkg
running install
running install_lib
creating /home/juan/tracking_ws/install/deteccion_pkg/lib/python3.10/site-packages/deteccion_pkg
copying /home/juan/tracking_ws/build/deteccion_pkg/build/lib/deteccion_pkg/__init__.py -> /home/juan/tracking_ws/install/deteccion_pkg/lib/python3.10/site-packages/deteccion_pkg
byte-compiling /home/juan/tracking_ws/install/deteccion_pkg/lib/python3.10/site-packages/deteccion_pkg/__init__.py to __init__.cpython-310.pyc
running install_data
creating /home/juan/tracking_ws/install/deteccion_pkg/share/ament_index
creating /home/juan/tracking_ws/install/deteccion_pkg/share/ament_index/resource_index
creating /home/juan/tracking_ws/install/deteccion_pkg/share/ament_index/resource_index/packages
copying resource/deteccion_pkg -> /home/juan/tracking_ws/install/deteccion_pkg/share/ament_index/resource_index/packages
copying package.xml -> /home/juan/tracking_ws/install/deteccion_pkg/share/deteccion_pkg
running install_egg_info
Copying ../../build/deteccion_pkg/deteccion_pkg.egg-info to /home/juan/tracking_ws/install/deteccion_pkg/lib/python3.10/site-packages/deteccion_pkg-0.0.0-py3.10.egg-info
running install_scripts
writing list of installed files to '/home/juan/tracking_ws/build/deteccion_pkg/install.log'
