[0.726s] Invoking command in '/home/juan/tracking_ws/src/deteccion_pkg': PYTHONPATH=/home/juan/tracking_ws/build/deteccion_pkg/prefix_override:/usr/lib/python3/dist-packages/colcon_core/task/python/colcon_distutils_commands:/home/juan/tracking_ws/install/deteccion_pkg/lib/python3.10/site-packages:${PYTHONPATH} /usr/bin/python3 -W ignore:setup.py install is deprecated -W ignore:easy_install command is deprecated setup.py egg_info --egg-base ../../build/deteccion_pkg build --build-base /home/juan/tracking_ws/build/deteccion_pkg/build install --record /home/juan/tracking_ws/build/deteccion_pkg/install.log --single-version-externally-managed install_data
[1.006s] running egg_info
[1.007s] creating ../../build/deteccion_pkg/deteccion_pkg.egg-info
[1.007s] writing ../../build/deteccion_pkg/deteccion_pkg.egg-info/PKG-INFO
[1.007s] writing dependency_links to ../../build/deteccion_pkg/deteccion_pkg.egg-info/dependency_links.txt
[1.007s] writing entry points to ../../build/deteccion_pkg/deteccion_pkg.egg-info/entry_points.txt
[1.008s] writing requirements to ../../build/deteccion_pkg/deteccion_pkg.egg-info/requires.txt
[1.008s] writing top-level names to ../../build/deteccion_pkg/deteccion_pkg.egg-info/top_level.txt
[1.008s] writing manifest file '../../build/deteccion_pkg/deteccion_pkg.egg-info/SOURCES.txt'
[1.010s] reading manifest file '../../build/deteccion_pkg/deteccion_pkg.egg-info/SOURCES.txt'
[1.011s] writing manifest file '../../build/deteccion_pkg/deteccion_pkg.egg-info/SOURCES.txt'
[1.011s] running build
[1.011s] running build_py
[1.012s] creating /home/juan/tracking_ws/build/deteccion_pkg/build
[1.012s] creating /home/juan/tracking_ws/build/deteccion_pkg/build/lib
[1.012s] creating /home/juan/tracking_ws/build/deteccion_pkg/build/lib/deteccion_pkg
[1.012s] copying deteccion_pkg/__init__.py -> /home/juan/tracking_ws/build/deteccion_pkg/build/lib/deteccion_pkg
[1.012s] running install
[1.013s] running install_lib
[1.013s] creating /home/juan/tracking_ws/install/deteccion_pkg/lib/python3.10/site-packages/deteccion_pkg
[1.013s] copying /home/juan/tracking_ws/build/deteccion_pkg/build/lib/deteccion_pkg/__init__.py -> /home/juan/tracking_ws/install/deteccion_pkg/lib/python3.10/site-packages/deteccion_pkg
[1.014s] byte-compiling /home/juan/tracking_ws/install/deteccion_pkg/lib/python3.10/site-packages/deteccion_pkg/__init__.py to __init__.cpython-310.pyc
[1.014s] running install_data
[1.014s] creating /home/juan/tracking_ws/install/deteccion_pkg/share/ament_index
[1.014s] creating /home/juan/tracking_ws/install/deteccion_pkg/share/ament_index/resource_index
[1.015s] creating /home/juan/tracking_ws/install/deteccion_pkg/share/ament_index/resource_index/packages
[1.015s] copying resource/deteccion_pkg -> /home/juan/tracking_ws/install/deteccion_pkg/share/ament_index/resource_index/packages
[1.015s] copying package.xml -> /home/juan/tracking_ws/install/deteccion_pkg/share/deteccion_pkg
[1.015s] running install_egg_info
[1.016s] Copying ../../build/deteccion_pkg/deteccion_pkg.egg-info to /home/juan/tracking_ws/install/deteccion_pkg/lib/python3.10/site-packages/deteccion_pkg-0.0.0-py3.10.egg-info
[1.017s] running install_scripts
[1.043s] writing list of installed files to '/home/juan/tracking_ws/build/deteccion_pkg/install.log'
[1.079s] Invoked command in '/home/juan/tracking_ws/src/deteccion_pkg' returned '0': PYTHONPATH=/home/juan/tracking_ws/build/deteccion_pkg/prefix_override:/usr/lib/python3/dist-packages/colcon_core/task/python/colcon_distutils_commands:/home/juan/tracking_ws/install/deteccion_pkg/lib/python3.10/site-packages:${PYTHONPATH} /usr/bin/python3 -W ignore:setup.py install is deprecated -W ignore:easy_install command is deprecated setup.py egg_info --egg-base ../../build/deteccion_pkg build --build-base /home/juan/tracking_ws/build/deteccion_pkg/build install --record /home/juan/tracking_ws/build/deteccion_pkg/install.log --single-version-externally-managed install_data
