/home/juan/workspace/tracking_ws/install/deteccion_pkg/lib/python3.10/site-packages/deteccion_pkg/trajectory_plotter_node.py
/home/juan/workspace/tracking_ws/install/deteccion_pkg/lib/python3.10/site-packages/deteccion_pkg/__init__.py
/home/juan/workspace/tracking_ws/install/deteccion_pkg/lib/python3.10/site-packages/deteccion_pkg/camera_node.py
/home/juan/workspace/tracking_ws/install/deteccion_pkg/lib/python3.10/site-packages/deteccion_pkg/viewer_node.py
/home/juan/workspace/tracking_ws/install/deteccion_pkg/lib/python3.10/site-packages/deteccion_pkg/position_analyzer_node.py
/home/juan/workspace/tracking_ws/install/deteccion_pkg/lib/python3.10/site-packages/deteccion_pkg/trajectory_graph_node.py
/home/juan/workspace/tracking_ws/install/deteccion_pkg/lib/python3.10/site-packages/deteccion_pkg/trajectory_node.py
/home/juan/workspace/tracking_ws/install/deteccion_pkg/lib/python3.10/site-packages/deteccion_pkg/__pycache__/trajectory_plotter_node.cpython-310.pyc
/home/juan/workspace/tracking_ws/install/deteccion_pkg/lib/python3.10/site-packages/deteccion_pkg/__pycache__/__init__.cpython-310.pyc
/home/juan/workspace/tracking_ws/install/deteccion_pkg/lib/python3.10/site-packages/deteccion_pkg/__pycache__/camera_node.cpython-310.pyc
/home/juan/workspace/tracking_ws/install/deteccion_pkg/lib/python3.10/site-packages/deteccion_pkg/__pycache__/viewer_node.cpython-310.pyc
/home/juan/workspace/tracking_ws/install/deteccion_pkg/lib/python3.10/site-packages/deteccion_pkg/__pycache__/position_analyzer_node.cpython-310.pyc
/home/juan/workspace/tracking_ws/install/deteccion_pkg/lib/python3.10/site-packages/deteccion_pkg/__pycache__/trajectory_graph_node.cpython-310.pyc
/home/juan/workspace/tracking_ws/install/deteccion_pkg/lib/python3.10/site-packages/deteccion_pkg/__pycache__/trajectory_node.cpython-310.pyc
/home/juan/workspace/tracking_ws/install/deteccion_pkg/share/ament_index/resource_index/packages/deteccion_pkg
/home/juan/workspace/tracking_ws/install/deteccion_pkg/share/deteccion_pkg/package.xml
/home/juan/workspace/tracking_ws/install/deteccion_pkg/lib/python3.10/site-packages/deteccion_pkg-0.0.0-py3.10.egg-info/top_level.txt
/home/juan/workspace/tracking_ws/install/deteccion_pkg/lib/python3.10/site-packages/deteccion_pkg-0.0.0-py3.10.egg-info/PKG-INFO
/home/juan/workspace/tracking_ws/install/deteccion_pkg/lib/python3.10/site-packages/deteccion_pkg-0.0.0-py3.10.egg-info/SOURCES.txt
/home/juan/workspace/tracking_ws/install/deteccion_pkg/lib/python3.10/site-packages/deteccion_pkg-0.0.0-py3.10.egg-info/entry_points.txt
/home/juan/workspace/tracking_ws/install/deteccion_pkg/lib/python3.10/site-packages/deteccion_pkg-0.0.0-py3.10.egg-info/dependency_links.txt
/home/juan/workspace/tracking_ws/install/deteccion_pkg/lib/python3.10/site-packages/deteccion_pkg-0.0.0-py3.10.egg-info/zip-safe
/home/juan/workspace/tracking_ws/install/deteccion_pkg/lib/python3.10/site-packages/deteccion_pkg-0.0.0-py3.10.egg-info/requires.txt
/home/juan/workspace/tracking_ws/install/deteccion_pkg/lib/deteccion_pkg/camera_node
/home/juan/workspace/tracking_ws/install/deteccion_pkg/lib/deteccion_pkg/position_analyzer_node
/home/juan/workspace/tracking_ws/install/deteccion_pkg/lib/deteccion_pkg/trajectory_graph_node
/home/juan/workspace/tracking_ws/install/deteccion_pkg/lib/deteccion_pkg/trajectory_node
/home/juan/workspace/tracking_ws/install/deteccion_pkg/lib/deteccion_pkg/trajectory_plotter_node
/home/juan/workspace/tracking_ws/install/deteccion_pkg/lib/deteccion_pkg/viewer_node
