running egg_info
writing ../../build/mi_robot_urdf/mi_robot_urdf.egg-info/PKG-INFO
writing dependency_links to ../../build/mi_robot_urdf/mi_robot_urdf.egg-info/dependency_links.txt
writing entry points to ../../build/mi_robot_urdf/mi_robot_urdf.egg-info/entry_points.txt
writing requirements to ../../build/mi_robot_urdf/mi_robot_urdf.egg-info/requires.txt
writing top-level names to ../../build/mi_robot_urdf/mi_robot_urdf.egg-info/top_level.txt
reading manifest file '../../build/mi_robot_urdf/mi_robot_urdf.egg-info/SOURCES.txt'
writing manifest file '../../build/mi_robot_urdf/mi_robot_urdf.egg-info/SOURCES.txt'
running build
running build_py
running install
running install_lib
running install_data
copying package.xml -> /home/juan/workspace/ros2_ws/install/mi_robot_urdf/share/mi_robot_urdf
running install_egg_info
removing '/home/juan/workspace/ros2_ws/install/mi_robot_urdf/lib/python3.10/site-packages/mi_robot_urdf-0.0.1-py3.10.egg-info' (and everything under it)
Copying ../../build/mi_robot_urdf/mi_robot_urdf.egg-info to /home/juan/workspace/ros2_ws/install/mi_robot_urdf/lib/python3.10/site-packages/mi_robot_urdf-0.0.1-py3.10.egg-info
running install_scripts
Installing display_rviz script to /home/juan/workspace/ros2_ws/install/mi_robot_urdf/lib/mi_robot_urdf
writing list of installed files to '/home/juan/workspace/ros2_ws/build/mi_robot_urdf/install.log'
