[0.740s] Invoking command in '/home/juan/tracking_ws/src/deteccion_pkg': PYTHONPATH=/home/juan/tracking_ws/build/deteccion_pkg/prefix_override:/usr/lib/python3/dist-packages/colcon_core/task/python/colcon_distutils_commands:/home/juan/tracking_ws/install/deteccion_pkg/lib/python3.10/site-packages:${PYTHONPATH} /usr/bin/python3 -W ignore:setup.py install is deprecated -W ignore:easy_install command is deprecated setup.py egg_info --egg-base ../../build/deteccion_pkg build --build-base /home/juan/tracking_ws/build/deteccion_pkg/build install --record /home/juan/tracking_ws/build/deteccion_pkg/install.log --single-version-externally-managed install_data
[1.013s] running egg_info
[1.013s] writing ../../build/deteccion_pkg/deteccion_pkg.egg-info/PKG-INFO
[1.014s] writing dependency_links to ../../build/deteccion_pkg/deteccion_pkg.egg-info/dependency_links.txt
[1.014s] writing entry points to ../../build/deteccion_pkg/deteccion_pkg.egg-info/entry_points.txt
[1.014s] writing requirements to ../../build/deteccion_pkg/deteccion_pkg.egg-info/requires.txt
[1.015s] writing top-level names to ../../build/deteccion_pkg/deteccion_pkg.egg-info/top_level.txt
[1.017s] reading manifest file '../../build/deteccion_pkg/deteccion_pkg.egg-info/SOURCES.txt'
[1.018s] writing manifest file '../../build/deteccion_pkg/deteccion_pkg.egg-info/SOURCES.txt'
[1.018s] running build
[1.018s] running build_py
[1.019s] copying deteccion_pkg/trajectory_graph_node.py -> /home/juan/tracking_ws/build/deteccion_pkg/build/lib/deteccion_pkg
[1.019s] copying deteccion_pkg/trajectory_plotter_node.py -> /home/juan/tracking_ws/build/deteccion_pkg/build/lib/deteccion_pkg
[1.019s] running install
[1.019s] running install_lib
[1.020s] copying /home/juan/tracking_ws/build/deteccion_pkg/build/lib/deteccion_pkg/trajectory_graph_node.py -> /home/juan/tracking_ws/install/deteccion_pkg/lib/python3.10/site-packages/deteccion_pkg
[1.020s] copying /home/juan/tracking_ws/build/deteccion_pkg/build/lib/deteccion_pkg/trajectory_plotter_node.py -> /home/juan/tracking_ws/install/deteccion_pkg/lib/python3.10/site-packages/deteccion_pkg
[1.021s] byte-compiling /home/juan/tracking_ws/install/deteccion_pkg/lib/python3.10/site-packages/deteccion_pkg/trajectory_graph_node.py to trajectory_graph_node.cpython-310.pyc
[1.022s] byte-compiling /home/juan/tracking_ws/install/deteccion_pkg/lib/python3.10/site-packages/deteccion_pkg/trajectory_plotter_node.py to trajectory_plotter_node.cpython-310.pyc
[1.023s] running install_data
[1.023s] running install_egg_info
[1.025s] removing '/home/juan/tracking_ws/install/deteccion_pkg/lib/python3.10/site-packages/deteccion_pkg-0.0.0-py3.10.egg-info' (and everything under it)
[1.025s] Copying ../../build/deteccion_pkg/deteccion_pkg.egg-info to /home/juan/tracking_ws/install/deteccion_pkg/lib/python3.10/site-packages/deteccion_pkg-0.0.0-py3.10.egg-info
[1.026s] running install_scripts
[1.051s] Installing camera_node script to /home/juan/tracking_ws/install/deteccion_pkg/lib/deteccion_pkg
[1.052s] Installing position_analyzer_node script to /home/juan/tracking_ws/install/deteccion_pkg/lib/deteccion_pkg
[1.052s] Installing trajectory_graph_node script to /home/juan/tracking_ws/install/deteccion_pkg/lib/deteccion_pkg
[1.052s] Installing trajectory_node script to /home/juan/tracking_ws/install/deteccion_pkg/lib/deteccion_pkg
[1.052s] Installing trajectory_plotter_node script to /home/juan/tracking_ws/install/deteccion_pkg/lib/deteccion_pkg
[1.052s] Installing viewer_node script to /home/juan/tracking_ws/install/deteccion_pkg/lib/deteccion_pkg
[1.052s] writing list of installed files to '/home/juan/tracking_ws/build/deteccion_pkg/install.log'
[1.086s] Invoked command in '/home/juan/tracking_ws/src/deteccion_pkg' returned '0': PYTHONPATH=/home/juan/tracking_ws/build/deteccion_pkg/prefix_override:/usr/lib/python3/dist-packages/colcon_core/task/python/colcon_distutils_commands:/home/juan/tracking_ws/install/deteccion_pkg/lib/python3.10/site-packages:${PYTHONPATH} /usr/bin/python3 -W ignore:setup.py install is deprecated -W ignore:easy_install command is deprecated setup.py egg_info --egg-base ../../build/deteccion_pkg build --build-base /home/juan/tracking_ws/build/deteccion_pkg/build install --record /home/juan/tracking_ws/build/deteccion_pkg/install.log --single-version-externally-managed install_data
