[0.222s] DEBUG:colcon:Command line arguments: ['/usr/bin/colcon', 'build']
[0.223s] DEBUG:colcon:Parsed command line arguments: Namespace(log_base=None, log_level=None, verb_name='build', build_base='build', install_base='install', merge_install=False, symlink_install=False, test_result_base=None, continue_on_error=False, executor='parallel', parallel_workers=8, event_handlers=None, ignore_user_meta=False, metas=['./colcon.meta'], base_paths=['.'], packages_ignore=None, packages_ignore_regex=None, paths=None, packages_up_to=None, packages_up_to_regex=None, packages_above=None, packages_above_and_dependencies=None, packages_above_depth=None, packages_select_by_dep=None, packages_skip_by_dep=None, packages_skip_up_to=None, packages_select_build_failed=False, packages_skip_build_finished=False, packages_select_test_failures=False, packages_skip_test_passed=False, packages_select=None, packages_skip=None, packages_select_regex=None, packages_skip_regex=None, packages_start=None, packages_end=None, allow_overriding=[], cmake_args=None, cmake_target=None, cmake_target_skip_unavailable=False, cmake_clean_cache=False, cmake_clean_first=False, cmake_force_configure=False, ament_cmake_args=None, catkin_cmake_args=None, catkin_skip_building_tests=False, mixin_files=None, mixin=None, verb_parser=<colcon_mixin.mixin.mixin_argument.MixinArgumentDecorator object at 0x705256659000>, verb_extension=<colcon_core.verb.build.BuildVerb object at 0x705256658640>, main=<bound method BuildVerb.main of <colcon_core.verb.build.BuildVerb object at 0x705256658640>>, mixin_verb=('build',))
[0.550s] Level 1:colcon.colcon_core.package_discovery:discover_packages(colcon_meta) check parameters
[0.550s] Level 1:colcon.colcon_core.package_discovery:discover_packages(recursive) check parameters
[0.550s] Level 1:colcon.colcon_core.package_discovery:discover_packages(ignore) check parameters
[0.550s] Level 1:colcon.colcon_core.package_discovery:discover_packages(path) check parameters
[0.550s] Level 1:colcon.colcon_core.package_discovery:discover_packages(colcon_meta) discover
[0.550s] Level 1:colcon.colcon_core.package_discovery:discover_packages(recursive) discover
[0.550s] INFO:colcon.colcon_core.package_discovery:Crawling recursively for packages in '/home/juan/learn_ros2_ws'
[0.550s] Level 1:colcon.colcon_core.package_identification:_identify(.) by extensions ['ignore', 'ignore_ament_install']
[0.551s] Level 1:colcon.colcon_core.package_identification:_identify(.) by extension 'ignore'
[0.551s] Level 1:colcon.colcon_core.package_identification:_identify(.) by extension 'ignore_ament_install'
[0.551s] Level 1:colcon.colcon_core.package_identification:_identify(.) by extensions ['colcon_pkg']
[0.551s] Level 1:colcon.colcon_core.package_identification:_identify(.) by extension 'colcon_pkg'
[0.551s] Level 1:colcon.colcon_core.package_identification:_identify(.) by extensions ['colcon_meta']
[0.551s] Level 1:colcon.colcon_core.package_identification:_identify(.) by extension 'colcon_meta'
[0.551s] Level 1:colcon.colcon_core.package_identification:_identify(.) by extensions ['ros']
[0.551s] Level 1:colcon.colcon_core.package_identification:_identify(.) by extension 'ros'
[0.574s] Level 1:colcon.colcon_core.package_identification:_identify(.) by extensions ['cmake', 'python']
[0.574s] Level 1:colcon.colcon_core.package_identification:_identify(.) by extension 'cmake'
[0.574s] Level 1:colcon.colcon_core.package_identification:_identify(.) by extension 'python'
[0.574s] Level 1:colcon.colcon_core.package_identification:_identify(.) by extensions ['python_setup_py']
[0.574s] Level 1:colcon.colcon_core.package_identification:_identify(.) by extension 'python_setup_py'
[0.574s] Level 1:colcon.colcon_core.package_identification:_identify(build) by extensions ['ignore', 'ignore_ament_install']
[0.574s] Level 1:colcon.colcon_core.package_identification:_identify(build) by extension 'ignore'
[0.575s] Level 1:colcon.colcon_core.package_identification:_identify(build) ignored
[0.575s] Level 1:colcon.colcon_core.package_identification:_identify(install) by extensions ['ignore', 'ignore_ament_install']
[0.575s] Level 1:colcon.colcon_core.package_identification:_identify(install) by extension 'ignore'
[0.575s] Level 1:colcon.colcon_core.package_identification:_identify(install) ignored
[0.575s] Level 1:colcon.colcon_core.package_identification:_identify(log) by extensions ['ignore', 'ignore_ament_install']
[0.575s] Level 1:colcon.colcon_core.package_identification:_identify(log) by extension 'ignore'
[0.575s] Level 1:colcon.colcon_core.package_identification:_identify(log) ignored
[0.576s] Level 1:colcon.colcon_core.package_identification:_identify(src) by extensions ['ignore', 'ignore_ament_install']
[0.576s] Level 1:colcon.colcon_core.package_identification:_identify(src) by extension 'ignore'
[0.576s] Level 1:colcon.colcon_core.package_identification:_identify(src) by extension 'ignore_ament_install'
[0.576s] Level 1:colcon.colcon_core.package_identification:_identify(src) by extensions ['colcon_pkg']
[0.576s] Level 1:colcon.colcon_core.package_identification:_identify(src) by extension 'colcon_pkg'
[0.576s] Level 1:colcon.colcon_core.package_identification:_identify(src) by extensions ['colcon_meta']
[0.576s] Level 1:colcon.colcon_core.package_identification:_identify(src) by extension 'colcon_meta'
[0.576s] Level 1:colcon.colcon_core.package_identification:_identify(src) by extensions ['ros']
[0.576s] Level 1:colcon.colcon_core.package_identification:_identify(src) by extension 'ros'
[0.576s] Level 1:colcon.colcon_core.package_identification:_identify(src) by extensions ['cmake', 'python']
[0.576s] Level 1:colcon.colcon_core.package_identification:_identify(src) by extension 'cmake'
[0.577s] Level 1:colcon.colcon_core.package_identification:_identify(src) by extension 'python'
[0.577s] Level 1:colcon.colcon_core.package_identification:_identify(src) by extensions ['python_setup_py']
[0.577s] Level 1:colcon.colcon_core.package_identification:_identify(src) by extension 'python_setup_py'
[0.577s] Level 1:colcon.colcon_core.package_identification:_identify(src/simulation_pkg) by extensions ['ignore', 'ignore_ament_install']
[0.577s] Level 1:colcon.colcon_core.package_identification:_identify(src/simulation_pkg) by extension 'ignore'
[0.577s] Level 1:colcon.colcon_core.package_identification:_identify(src/simulation_pkg) by extension 'ignore_ament_install'
[0.577s] Level 1:colcon.colcon_core.package_identification:_identify(src/simulation_pkg) by extensions ['colcon_pkg']
[0.577s] Level 1:colcon.colcon_core.package_identification:_identify(src/simulation_pkg) by extension 'colcon_pkg'
[0.577s] Level 1:colcon.colcon_core.package_identification:_identify(src/simulation_pkg) by extensions ['colcon_meta']
[0.577s] Level 1:colcon.colcon_core.package_identification:_identify(src/simulation_pkg) by extension 'colcon_meta'
[0.577s] Level 1:colcon.colcon_core.package_identification:_identify(src/simulation_pkg) by extensions ['ros']
[0.577s] Level 1:colcon.colcon_core.package_identification:_identify(src/simulation_pkg) by extension 'ros'
[0.582s] DEBUG:colcon.colcon_core.package_identification:Package 'src/simulation_pkg' with type 'ros.ament_python' and name 'simulation_pkg'
[0.582s] Level 1:colcon.colcon_core.package_discovery:discover_packages(recursive) using defaults
[0.583s] Level 1:colcon.colcon_core.package_discovery:discover_packages(ignore) discover
[0.583s] Level 1:colcon.colcon_core.package_discovery:discover_packages(ignore) using defaults
[0.583s] Level 1:colcon.colcon_core.package_discovery:discover_packages(path) discover
[0.583s] Level 1:colcon.colcon_core.package_discovery:discover_packages(path) using defaults
[0.651s] Level 1:colcon.colcon_core.package_discovery:discover_packages(prefix_path) check parameters
[0.651s] Level 1:colcon.colcon_core.package_discovery:discover_packages(prefix_path) discover
[0.655s] DEBUG:colcon.colcon_installed_package_information.package_discovery:Found 1 installed packages in /home/juan/learn_ros2_ws/install
[0.657s] DEBUG:colcon.colcon_installed_package_information.package_discovery:Found 276 installed packages in /opt/ros/humble
[0.660s] Level 1:colcon.colcon_core.package_discovery:discover_packages(prefix_path) using defaults
[0.725s] Level 5:colcon.colcon_core.verb:set package 'simulation_pkg' build argument 'cmake_args' from command line to 'None'
[0.725s] Level 5:colcon.colcon_core.verb:set package 'simulation_pkg' build argument 'cmake_target' from command line to 'None'
[0.726s] Level 5:colcon.colcon_core.verb:set package 'simulation_pkg' build argument 'cmake_target_skip_unavailable' from command line to 'False'
[0.726s] Level 5:colcon.colcon_core.verb:set package 'simulation_pkg' build argument 'cmake_clean_cache' from command line to 'False'
[0.726s] Level 5:colcon.colcon_core.verb:set package 'simulation_pkg' build argument 'cmake_clean_first' from command line to 'False'
[0.726s] Level 5:colcon.colcon_core.verb:set package 'simulation_pkg' build argument 'cmake_force_configure' from command line to 'False'
[0.726s] Level 5:colcon.colcon_core.verb:set package 'simulation_pkg' build argument 'ament_cmake_args' from command line to 'None'
[0.726s] Level 5:colcon.colcon_core.verb:set package 'simulation_pkg' build argument 'catkin_cmake_args' from command line to 'None'
[0.726s] Level 5:colcon.colcon_core.verb:set package 'simulation_pkg' build argument 'catkin_skip_building_tests' from command line to 'False'
[0.726s] DEBUG:colcon.colcon_core.verb:Building package 'simulation_pkg' with the following arguments: {'ament_cmake_args': None, 'build_base': '/home/juan/learn_ros2_ws/build/simulation_pkg', 'catkin_cmake_args': None, 'catkin_skip_building_tests': False, 'cmake_args': None, 'cmake_clean_cache': False, 'cmake_clean_first': False, 'cmake_force_configure': False, 'cmake_target': None, 'cmake_target_skip_unavailable': False, 'install_base': '/home/juan/learn_ros2_ws/install/simulation_pkg', 'merge_install': False, 'path': '/home/juan/learn_ros2_ws/src/simulation_pkg', 'symlink_install': False, 'test_result_base': None}
[0.726s] INFO:colcon.colcon_core.executor:Executing jobs using 'parallel' executor
[0.728s] DEBUG:colcon.colcon_parallel_executor.executor.parallel:run_until_complete
[0.729s] INFO:colcon.colcon_ros.task.ament_python.build:Building ROS package in '/home/juan/learn_ros2_ws/src/simulation_pkg' with build type 'ament_python'
[0.729s] Level 1:colcon.colcon_core.shell:create_environment_hook('simulation_pkg', 'ament_prefix_path')
[0.734s] INFO:colcon.colcon_core.plugin_system:Skipping extension 'colcon_core.shell.bat': Not used on non-Windows systems
[0.734s] INFO:colcon.colcon_core.shell:Creating environment hook '/home/juan/learn_ros2_ws/install/simulation_pkg/share/simulation_pkg/hook/ament_prefix_path.ps1'
[0.735s] INFO:colcon.colcon_core.shell:Creating environment descriptor '/home/juan/learn_ros2_ws/install/simulation_pkg/share/simulation_pkg/hook/ament_prefix_path.dsv'
[0.736s] INFO:colcon.colcon_core.shell:Creating environment hook '/home/juan/learn_ros2_ws/install/simulation_pkg/share/simulation_pkg/hook/ament_prefix_path.sh'
[0.738s] INFO:colcon.colcon_core.shell:Skip shell extension 'powershell' for command environment: Not usable outside of PowerShell
[0.738s] DEBUG:colcon.colcon_core.shell:Skip shell extension 'dsv' for command environment
[1.234s] INFO:colcon.colcon_core.task.python.build:Building Python package in '/home/juan/learn_ros2_ws/src/simulation_pkg'
[1.235s] INFO:colcon.colcon_core.shell:Skip shell extension 'powershell' for command environment: Not usable outside of PowerShell
[1.235s] DEBUG:colcon.colcon_core.shell:Skip shell extension 'dsv' for command environment
[1.868s] DEBUG:colcon.colcon_core.event_handler.log_command:Invoking command in '/home/juan/learn_ros2_ws/src/simulation_pkg': PYTHONPATH=/home/juan/learn_ros2_ws/build/simulation_pkg/prefix_override:/usr/lib/python3/dist-packages/colcon_core/task/python/colcon_distutils_commands:/home/juan/learn_ros2_ws/install/simulation_pkg/lib/python3.10/site-packages:${PYTHONPATH} /usr/bin/python3 -W ignore:setup.py install is deprecated -W ignore:easy_install command is deprecated setup.py egg_info --egg-base ../../build/simulation_pkg build --build-base /home/juan/learn_ros2_ws/build/simulation_pkg/build install --record /home/juan/learn_ros2_ws/build/simulation_pkg/install.log --single-version-externally-managed install_data
[2.406s] DEBUG:colcon.colcon_core.event_handler.log_command:Invoked command in '/home/juan/learn_ros2_ws/src/simulation_pkg' returned '0': PYTHONPATH=/home/juan/learn_ros2_ws/build/simulation_pkg/prefix_override:/usr/lib/python3/dist-packages/colcon_core/task/python/colcon_distutils_commands:/home/juan/learn_ros2_ws/install/simulation_pkg/lib/python3.10/site-packages:${PYTHONPATH} /usr/bin/python3 -W ignore:setup.py install is deprecated -W ignore:easy_install command is deprecated setup.py egg_info --egg-base ../../build/simulation_pkg build --build-base /home/juan/learn_ros2_ws/build/simulation_pkg/build install --record /home/juan/learn_ros2_ws/build/simulation_pkg/install.log --single-version-externally-managed install_data
[2.413s] Level 1:colcon.colcon_core.environment:checking '/home/juan/learn_ros2_ws/install/simulation_pkg' for CMake module files
[2.415s] Level 1:colcon.colcon_core.environment:checking '/home/juan/learn_ros2_ws/install/simulation_pkg' for CMake config files
[2.417s] Level 1:colcon.colcon_core.environment:checking '/home/juan/learn_ros2_ws/install/simulation_pkg/lib'
[2.417s] Level 1:colcon.colcon_core.environment:checking '/home/juan/learn_ros2_ws/install/simulation_pkg/bin'
[2.418s] Level 1:colcon.colcon_core.environment:checking '/home/juan/learn_ros2_ws/install/simulation_pkg/lib/pkgconfig/simulation_pkg.pc'
[2.418s] Level 1:colcon.colcon_core.environment:checking '/home/juan/learn_ros2_ws/install/simulation_pkg/lib/python3.10/site-packages'
[2.418s] Level 1:colcon.colcon_core.shell:create_environment_hook('simulation_pkg', 'pythonpath')
[2.419s] INFO:colcon.colcon_core.shell:Creating environment hook '/home/juan/learn_ros2_ws/install/simulation_pkg/share/simulation_pkg/hook/pythonpath.ps1'
[2.420s] INFO:colcon.colcon_core.shell:Creating environment descriptor '/home/juan/learn_ros2_ws/install/simulation_pkg/share/simulation_pkg/hook/pythonpath.dsv'
[2.421s] INFO:colcon.colcon_core.shell:Creating environment hook '/home/juan/learn_ros2_ws/install/simulation_pkg/share/simulation_pkg/hook/pythonpath.sh'
[2.422s] Level 1:colcon.colcon_core.environment:checking '/home/juan/learn_ros2_ws/install/simulation_pkg/bin'
[2.422s] Level 1:colcon.colcon_core.environment:create_environment_scripts_only(simulation_pkg)
[2.423s] INFO:colcon.colcon_core.shell:Creating package script '/home/juan/learn_ros2_ws/install/simulation_pkg/share/simulation_pkg/package.ps1'
[2.426s] INFO:colcon.colcon_core.shell:Creating package descriptor '/home/juan/learn_ros2_ws/install/simulation_pkg/share/simulation_pkg/package.dsv'
[2.427s] INFO:colcon.colcon_core.shell:Creating package script '/home/juan/learn_ros2_ws/install/simulation_pkg/share/simulation_pkg/package.sh'
[2.429s] INFO:colcon.colcon_core.shell:Creating package script '/home/juan/learn_ros2_ws/install/simulation_pkg/share/simulation_pkg/package.bash'
[2.431s] INFO:colcon.colcon_core.shell:Creating package script '/home/juan/learn_ros2_ws/install/simulation_pkg/share/simulation_pkg/package.zsh'
[2.433s] Level 1:colcon.colcon_core.environment:create_file_with_runtime_dependencies(/home/juan/learn_ros2_ws/install/simulation_pkg/share/colcon-core/packages/simulation_pkg)
[2.435s] DEBUG:colcon.colcon_parallel_executor.executor.parallel:closing loop
[2.435s] DEBUG:colcon.colcon_parallel_executor.executor.parallel:loop closed
[2.435s] DEBUG:colcon.colcon_parallel_executor.executor.parallel:run_until_complete finished with '0'
[2.435s] DEBUG:colcon.colcon_core.event_reactor:joining thread
[2.448s] INFO:colcon.colcon_core.plugin_system:Skipping extension 'colcon_notification.desktop_notification.terminal_notifier': Not used on non-Darwin systems
[2.449s] INFO:colcon.colcon_core.plugin_system:Skipping extension 'colcon_notification.desktop_notification.win32': Not used on non-Windows systems
[2.449s] INFO:colcon.colcon_notification.desktop_notification:Sending desktop notification using 'notify2'
[2.479s] DEBUG:colcon.colcon_core.event_reactor:joined thread
[2.481s] INFO:colcon.colcon_core.shell:Creating prefix script '/home/juan/learn_ros2_ws/install/local_setup.ps1'
[2.483s] INFO:colcon.colcon_core.shell:Creating prefix util module '/home/juan/learn_ros2_ws/install/_local_setup_util_ps1.py'
[2.489s] INFO:colcon.colcon_core.shell:Creating prefix chain script '/home/juan/learn_ros2_ws/install/setup.ps1'
[2.493s] INFO:colcon.colcon_core.shell:Creating prefix script '/home/juan/learn_ros2_ws/install/local_setup.sh'
[2.494s] INFO:colcon.colcon_core.shell:Creating prefix util module '/home/juan/learn_ros2_ws/install/_local_setup_util_sh.py'
[2.496s] INFO:colcon.colcon_core.shell:Creating prefix chain script '/home/juan/learn_ros2_ws/install/setup.sh'
[2.499s] INFO:colcon.colcon_core.shell:Creating prefix script '/home/juan/learn_ros2_ws/install/local_setup.bash'
[2.501s] INFO:colcon.colcon_core.shell:Creating prefix chain script '/home/juan/learn_ros2_ws/install/setup.bash'
[2.504s] INFO:colcon.colcon_core.shell:Creating prefix script '/home/juan/learn_ros2_ws/install/local_setup.zsh'
[2.505s] INFO:colcon.colcon_core.shell:Creating prefix chain script '/home/juan/learn_ros2_ws/install/setup.zsh'
