running develop
Removing /home/juan/workspace/ros2_ws/install/mi_robot_urdf/lib/python3.10/site-packages/mi-robot-urdf.egg-link (link to .)
running egg_info
writing ../../build/mi_robot_urdf/mi_robot_urdf.egg-info/PKG-INFO
writing dependency_links to ../../build/mi_robot_urdf/mi_robot_urdf.egg-info/dependency_links.txt
writing entry points to ../../build/mi_robot_urdf/mi_robot_urdf.egg-info/entry_points.txt
writing requirements to ../../build/mi_robot_urdf/mi_robot_urdf.egg-info/requires.txt
writing top-level names to ../../build/mi_robot_urdf/mi_robot_urdf.egg-info/top_level.txt
reading manifest file '../../build/mi_robot_urdf/mi_robot_urdf.egg-info/SOURCES.txt'
writing manifest file '../../build/mi_robot_urdf/mi_robot_urdf.egg-info/SOURCES.txt'
running build
running build_py
creating /home/juan/workspace/ros2_ws/build/mi_robot_urdf/build
creating /home/juan/workspace/ros2_ws/build/mi_robot_urdf/build/lib
creating /home/juan/workspace/ros2_ws/build/mi_robot_urdf/build/lib/mi_robot_urdf
copying mi_robot_urdf/display_rviz.py -> /home/juan/workspace/ros2_ws/build/mi_robot_urdf/build/lib/mi_robot_urdf
copying mi_robot_urdf/__init__.py -> /home/juan/workspace/ros2_ws/build/mi_robot_urdf/build/lib/mi_robot_urdf
running install
running install_lib
creating /home/juan/workspace/ros2_ws/install/mi_robot_urdf/lib/python3.10/site-packages/mi_robot_urdf
copying /home/juan/workspace/ros2_ws/build/mi_robot_urdf/build/lib/mi_robot_urdf/display_rviz.py -> /home/juan/workspace/ros2_ws/install/mi_robot_urdf/lib/python3.10/site-packages/mi_robot_urdf
copying /home/juan/workspace/ros2_ws/build/mi_robot_urdf/build/lib/mi_robot_urdf/__init__.py -> /home/juan/workspace/ros2_ws/install/mi_robot_urdf/lib/python3.10/site-packages/mi_robot_urdf
byte-compiling /home/juan/workspace/ros2_ws/install/mi_robot_urdf/lib/python3.10/site-packages/mi_robot_urdf/display_rviz.py to display_rviz.cpython-310.pyc
byte-compiling /home/juan/workspace/ros2_ws/install/mi_robot_urdf/lib/python3.10/site-packages/mi_robot_urdf/__init__.py to __init__.cpython-310.pyc
running install_data
copying resource/mi_robot_urdf -> /home/juan/workspace/ros2_ws/install/mi_robot_urdf/share/ament_index/resource_index/packages
copying package.xml -> /home/juan/workspace/ros2_ws/install/mi_robot_urdf/share/mi_robot_urdf
copying urdf/caja_con_ruedas.urdf.xacro -> /home/juan/workspace/ros2_ws/install/mi_robot_urdf/share/mi_robot_urdf/urdf
copying launch/gazebo.launch.py -> /home/juan/workspace/ros2_ws/install/mi_robot_urdf/share/mi_robot_urdf/launch
copying launch/display1.launch.py -> /home/juan/workspace/ros2_ws/install/mi_robot_urdf/share/mi_robot_urdf/launch
copying launch/display.launch.py -> /home/juan/workspace/ros2_ws/install/mi_robot_urdf/share/mi_robot_urdf/launch
running install_egg_info
Copying ../../build/mi_robot_urdf/mi_robot_urdf.egg-info to /home/juan/workspace/ros2_ws/install/mi_robot_urdf/lib/python3.10/site-packages/mi_robot_urdf-0.0.1-py3.10.egg-info
running install_scripts
Installing display_rviz script to /home/juan/workspace/ros2_ws/install/mi_robot_urdf/lib/mi_robot_urdf
writing list of installed files to '/home/juan/workspace/ros2_ws/build/mi_robot_urdf/install.log'
