[1.134s] Invoking command in '/home/juan/learn_ros2_ws/src/simulation_pkg': PYTHONPATH=/home/juan/learn_ros2_ws/build/simulation_pkg/prefix_override:/usr/lib/python3/dist-packages/colcon_core/task/python/colcon_distutils_commands:/home/juan/learn_ros2_ws/install/simulation_pkg/lib/python3.10/site-packages:${PYTHONPATH} /usr/bin/python3 -W ignore:setup.py install is deprecated -W ignore:easy_install command is deprecated setup.py egg_info --egg-base ../../build/simulation_pkg build --build-base /home/juan/learn_ros2_ws/build/simulation_pkg/build install --record /home/juan/learn_ros2_ws/build/simulation_pkg/install.log --single-version-externally-managed install_data
[1.564s] running egg_info
[1.565s] writing ../../build/simulation_pkg/simulation_pkg.egg-info/PKG-INFO
[1.566s] writing dependency_links to ../../build/simulation_pkg/simulation_pkg.egg-info/dependency_links.txt
[1.566s] writing entry points to ../../build/simulation_pkg/simulation_pkg.egg-info/entry_points.txt
[1.566s] writing requirements to ../../build/simulation_pkg/simulation_pkg.egg-info/requires.txt
[1.567s] writing top-level names to ../../build/simulation_pkg/simulation_pkg.egg-info/top_level.txt
[1.571s] reading manifest file '../../build/simulation_pkg/simulation_pkg.egg-info/SOURCES.txt'
[1.572s] writing manifest file '../../build/simulation_pkg/simulation_pkg.egg-info/SOURCES.txt'
[1.572s] running build
[1.573s] running build_py
[1.573s] running install
[1.573s] running install_lib
[1.576s] running install_data
[1.576s] running install_egg_info
[1.579s] removing '/home/juan/learn_ros2_ws/install/simulation_pkg/lib/python3.10/site-packages/simulation_pkg-0.0.0-py3.10.egg-info' (and everything under it)
[1.580s] Copying ../../build/simulation_pkg/simulation_pkg.egg-info to /home/juan/learn_ros2_ws/install/simulation_pkg/lib/python3.10/site-packages/simulation_pkg-0.0.0-py3.10.egg-info
[1.581s] running install_scripts
[1.620s] writing list of installed files to '/home/juan/learn_ros2_ws/build/simulation_pkg/install.log'
[1.691s] Invoked command in '/home/juan/learn_ros2_ws/src/simulation_pkg' returned '0': PYTHONPATH=/home/juan/learn_ros2_ws/build/simulation_pkg/prefix_override:/usr/lib/python3/dist-packages/colcon_core/task/python/colcon_distutils_commands:/home/juan/learn_ros2_ws/install/simulation_pkg/lib/python3.10/site-packages:${PYTHONPATH} /usr/bin/python3 -W ignore:setup.py install is deprecated -W ignore:easy_install command is deprecated setup.py egg_info --egg-base ../../build/simulation_pkg build --build-base /home/juan/learn_ros2_ws/build/simulation_pkg/build install --record /home/juan/learn_ros2_ws/build/simulation_pkg/install.log --single-version-externally-managed install_data
